<?xml version="1.0" encoding="UTF-8"?>
<!-- Generated by org.testng.reporters.JUnitXMLReporter -->
<testsuite ignored="0" hostname="DESKTOP-P618426" failures="1" tests="2" name="Test" time="19.927" errors="0" timestamp="13 Jul 2019 10:32:47 GMT">
  <testcase classname="TricentisApp.automobil" name="@AfterTest teardown" time="0.0">
    <failure type="java.lang.NullPointerException">
      <![CDATA[java.lang.NullPointerException
at TricentisApp.automobil.teardown(automobil.java:40)
... Removed 24 stack frames]]>
    </failure>
  </testcase> <!-- @AfterTest teardown -->
  <testcase classname="TricentisApp.Truck" name="TruckTest" time="8.01"/>
  <testcase classname="TricentisApp.automobil" name="AutomobilSection" time="0.22">
    <failure type="java.lang.NullPointerException">
      <![CDATA[java.lang.NullPointerException
at pageObjects.HomePage.Automobil(HomePage.java:17)
at TricentisApp.automobil.AutomobilSection(automobil.java:32)
... Removed 25 stack frames]]>
    </failure>
  </testcase> <!-- AutomobilSection -->
</testsuite> <!-- Test -->
