<?xml version="1.0" encoding="UTF-8"?>
<!-- Generated by org.testng.reporters.JUnitXMLReporter -->
<testsuite hostname="DESKTOP-P618426" failures="1" tests="1" name="Test2" time="13.866" errors="0" timestamp="13 Jul 2019 11:28:07 GMT">
  <testcase classname="TricentisApp.Truck" name="TruckTest" time="9.197">
    <failure type="java.lang.AssertionError" message="Button is Displayed expected [true] but found [false]">
      <![CDATA[java.lang.AssertionError: Button is Displayed expected [true] but found [false]
	at TricentisApp.Truck.TruckTest(Truck.java:39)
	at org.apache.maven.surefire.testng.TestNGExecutor.run(TestNGExecutor.java:283)
	at org.apache.maven.surefire.testng.TestNGXmlTestSuite.execute(TestNGXmlTestSuite.java:75)
	at org.apache.maven.surefire.testng.TestNGProvider.invoke(TestNGProvider.java:120)
	at org.apache.maven.surefire.booter.ForkedBooter.invokeProviderInSameClassLoader(ForkedBooter.java:384)
	at org.apache.maven.surefire.booter.ForkedBooter.runSuitesInProcess(ForkedBooter.java:345)
	at org.apache.maven.surefire.booter.ForkedBooter.execute(ForkedBooter.java:126)
	at org.apache.maven.surefire.booter.ForkedBooter.main(ForkedBooter.java:418)
... Removed 24 stack frames]]>
    </failure>
  </testcase> <!-- TruckTest -->
</testsuite> <!-- Test2 -->
