-------------------------------------------------------------------------------
Test set: TestSuite
-------------------------------------------------------------------------------
Tests run: 2, Failures: 1, Errors: 0, Skipped: 0, Time elapsed: 29.523 s <<< FAILURE! - in TestSuite
TruckTest(TricentisApp.Truck)  Time elapsed: 9.216 s  <<< FAILURE!
java.lang.AssertionError: Button is Displayed expected [true] but found [false]
	at TricentisApp.Truck.TruckTest(Truck.java:39)

