<?xml version="1.0" encoding="UTF-8"?>
<testsuite xmlns:xsi="http://www.w3.org/2001/XMLSchema-instance" xsi:noNamespaceSchemaLocation="https://maven.apache.org/surefire/maven-surefire-plugin/xsd/surefire-test-report-3.0.xsd" version="3.0" name="TestSuite" time="29.523" tests="2" errors="0" skipped="0" failures="1">
  <properties>
[...]
</properties>
  <testcase name="AutomobilSection" classname="TricentisApp.automobil" time="8.64"/>
  <testcase name="TruckTest" classname="TricentisApp.Truck" time="9.216">
    <failure message="Button is Displayed expected [true] but found [false]" type="java.lang.AssertionError">java.lang.AssertionError: Button is Displayed expected [true] but found [false]
	at TricentisApp.Truck.TruckTest(Truck.java:39)
</failure>
    <system-out><![CDATA[Test succesfully executed
Test getting started
]]></system-out>
    <system-err><![CDATA[Starting ChromeDriver 75.0.3770.90 (a6dcaf7e3ec6f70a194cc25e8149475c6590e025-refs/branch-heads/3770@{#1003}) on port 42509
Only local connections are allowed.
Please protect ports used by ChromeDriver and related test frameworks to prevent access by malicious code.
Jul 13, 2019 1:27:56 PM org.openqa.selenium.remote.ProtocolHandshake createSession
INFO: Detected dialect: W3C
]]></system-err>
  </testcase>
</testsuite>