<?xml version="1.0" encoding="UTF-8"?>
<testng-results ignored="0" total="1" passed="1" failed="0" skipped="0">
  <reporter-output>
  </reporter-output>
  <suite started-at="2019-07-13T11:23:16Z" name="Default suite" finished-at="2019-07-13T11:23:34Z" duration-ms="18276">
    <groups>
    </groups>
    <test started-at="2019-07-13T11:23:16Z" name="Default test" finished-at="2019-07-13T11:23:34Z" duration-ms="18276">
      <class name="TricentisApp.Truck">
        <test-method is-config="true" signature="initialize()[pri:0, instance:TricentisApp.Truck@291a7e3c]" started-at="2019-07-13T11:23:16Z" name="initialize" finished-at="2019-07-13T11:23:20Z" duration-ms="4100" status="PASS">
          <reporter-output>
          </reporter-output>
        </test-method> <!-- initialize -->
        <test-method signature="TruckTest()[pri:0, instance:TricentisApp.Truck@291a7e3c]" started-at="2019-07-13T11:23:20Z" name="TruckTest" finished-at="2019-07-13T11:23:34Z" duration-ms="13463" status="PASS">
          <reporter-output>
          </reporter-output>
        </test-method> <!-- TruckTest -->
        <test-method is-config="true" signature="teardown()[pri:0, instance:TricentisApp.Truck@291a7e3c]" started-at="2019-07-13T11:23:34Z" name="teardown" finished-at="2019-07-13T11:23:34Z" duration-ms="693" status="PASS">
          <reporter-output>
          </reporter-output>
        </test-method> <!-- teardown -->
      </class> <!-- TricentisApp.Truck -->
    </test> <!-- Default test -->
  </suite> <!-- Default suite -->
</testng-results>
